<?xml version="1.0" encoding="UTF-8"?>
<!-- Generated by org.testng.reporters.JUnitXMLReporter -->
<testsuite ignored="2" hostname="Tushar" failures="0" tests="1" name="Default test" time="34.096" errors="0" timestamp="2025-06-11T16:23:50 IST">
  <testcase classname="com.tek.contact.ContactModuleTest" name="createContact" time="21.382"/>
  <testcase classname="com.tek.contact.ContactModuleTest" name="createContactAndRelatedToOrg" time="0.0">
    <ignored/>
  </testcase> <!-- createContactAndRelatedToOrg -->
  <testcase classname="com.tek.contact.ContactModuleTest" name="contactWithSupportDate" time="0.0">
    <ignored/>
  </testcase> <!-- contactWithSupportDate -->
</testsuite> <!-- Default test -->
