<?xml version="1.0" encoding="UTF-8"?>
<testng-results ignored="2" total="3" passed="1" failed="0" skipped="0">
  <reporter-output>
  </reporter-output>
  <suite started-at="2025-06-11T16:23:16 IST" name="Default suite" finished-at="2025-06-11T16:23:50 IST" duration-ms="34096">
    <groups>
      <group name="smokeTest">
        <method signature="ContactModuleTest.createContact()[pri:1, instance:com.tek.contact.ContactModuleTest@c730b35]" name="createContact" class="com.tek.contact.ContactModuleTest"/>
      </group> <!-- smokeTest -->
    </groups>
    <test started-at="2025-06-11T16:23:16 IST" name="Default test" finished-at="2025-06-11T16:23:50 IST" duration-ms="34096">
      <class name="com.tek.contact.ContactModuleTest">
        <test-method is-config="true" signature="dataBaseConnection()[pri:0, instance:com.tek.contact.ContactModuleTest@c730b35]" started-at="2025-06-11T16:23:16 IST" name="dataBaseConnection" finished-at="2025-06-11T16:23:16 IST" duration-ms="12" status="PASS">
          <reporter-output>
          </reporter-output>
        </test-method> <!-- dataBaseConnection -->
        <test-method is-config="true" signature="lunchBrowser(java.lang.String)[pri:0, instance:com.tek.contact.ContactModuleTest@c730b35]" started-at="2025-06-11T16:23:16 IST" name="lunchBrowser" finished-at="2025-06-11T16:23:20 IST" duration-ms="3768" status="PASS">
          <params>
            <param index="0">
              <value>
                <![CDATA[chrome]]>
              </value>
            </param>
          </params>
          <reporter-output>
          </reporter-output>
        </test-method> <!-- lunchBrowser -->
        <test-method is-config="true" signature="login()[pri:0, instance:com.tek.contact.ContactModuleTest@c730b35]" started-at="2025-06-11T16:23:20 IST" name="login" finished-at="2025-06-11T16:23:26 IST" duration-ms="5870" status="PASS">
          <reporter-output>
          </reporter-output>
        </test-method> <!-- login -->
        <test-method signature="createContact()[pri:1, instance:com.tek.contact.ContactModuleTest@c730b35]" started-at="2025-06-11T16:23:26 IST" name="createContact" finished-at="2025-06-11T16:23:47 IST" duration-ms="21382" status="PASS">
          <reporter-output>
          </reporter-output>
        </test-method> <!-- createContact -->
        <test-method is-config="true" signature="logOut()[pri:0, instance:com.tek.contact.ContactModuleTest@c730b35]" started-at="2025-06-11T16:23:47 IST" name="logOut" finished-at="2025-06-11T16:23:50 IST" duration-ms="2802" status="PASS">
          <reporter-output>
          </reporter-output>
        </test-method> <!-- logOut -->
        <test-method is-config="true" signature="closeBrowser()[pri:0, instance:com.tek.contact.ContactModuleTest@c730b35]" started-at="2025-06-11T16:23:50 IST" name="closeBrowser" finished-at="2025-06-11T16:23:50 IST" duration-ms="243" status="PASS">
          <reporter-output>
          </reporter-output>
        </test-method> <!-- closeBrowser -->
        <test-method is-config="true" signature="closeDataBaseConnection()[pri:0, instance:com.tek.contact.ContactModuleTest@c730b35]" started-at="2025-06-11T16:23:50 IST" name="closeDataBaseConnection" finished-at="2025-06-11T16:23:50 IST" duration-ms="0" status="PASS">
          <reporter-output>
          </reporter-output>
        </test-method> <!-- closeDataBaseConnection -->
      </class> <!-- com.tek.contact.ContactModuleTest -->
    </test> <!-- Default test -->
  </suite> <!-- Default suite -->
</testng-results>
